<?xml version="1.0" encoding="UTF-8"?>
<!-- Generated by org.testng.reporters.JUnitReportReporter -->
<testsuite hostname="NODE532" name="com.mobile.base.PayTmLogin" tests="3" failures="0" timestamp="20 Apr 2016 05:05:43 GMT" time="79.287" errors="0">
  <testcase name="addToCart" time="11.254" classname="com.mobile.base.PayTmLogin"/>
  <testcase name="loginTest" time="25.420" classname="com.mobile.base.PayTmLogin"/>
  <testcase name="openPayTm" time="42.613" classname="com.mobile.base.PayTmLogin"/>
</testsuite> <!-- com.mobile.base.PayTmLogin -->
